15:34:06 | INFO     | unificador | 游늬 Log salvo em: C:\Projetos\Projeto EGS\EGS_Suite\apps\logs\unificador_20251205_153406.log
15:34:06 | DEBUG    | unificador | [UC_NOME] Encontrada no nome (antes do _): 1010178044
15:34:06 | INFO     | unificador |    Texto extra칤do: 0 caracteres
15:34:06 | INFO     | unificador |    Preview: ...
15:34:06 | WARNING  | unificador | [VALOR_FATURA] Nenhum valor encontrado em 1010178044_IGREJA DO EVANGELHO QUADRANGULAR_20251130.pdf
15:34:06 | DEBUG    | unificador | [UC_NOME] Encontrada no nome (antes do _): 10102327
15:34:06 | INFO     | unificador |    Texto extra칤do: 0 caracteres
15:34:06 | INFO     | unificador |    Preview: ...
15:34:06 | WARNING  | unificador | [VALOR_FATURA] Nenhum valor encontrado em 10102327_IGREJA DO EVANGELHO QUADRANGULAR_20251130.pdf
15:34:06 | DEBUG    | unificador | [UC_NOME] Encontrada no nome (antes do _): 1010356558
15:34:06 | INFO     | unificador |    Texto extra칤do: 0 caracteres
15:34:06 | INFO     | unificador |    Preview: ...
15:34:06 | WARNING  | unificador | [VALOR_FATURA] Nenhum valor encontrado em 1010356558_IGREJA DO EVANGELHO QUADRANGULAR_20251130.pdf
15:34:06 | DEBUG    | unificador | [UC_NOME] Encontrada no nome (antes do _): 1010814895
15:34:06 | INFO     | unificador |    Texto extra칤do: 0 caracteres
15:34:06 | INFO     | unificador |    Preview: ...
15:34:06 | WARNING  | unificador | [VALOR_FATURA] Nenhum valor encontrado em 1010814895_IGREJA DO EVANGELHO QUADRANGULAR_20251130.pdf
15:34:06 | DEBUG    | unificador | [UC_NOME] Encontrada no nome (antes do _): 101090745
15:34:06 | INFO     | unificador |    Texto extra칤do: 0 caracteres
15:34:06 | INFO     | unificador |    Preview: ...
15:34:06 | WARNING  | unificador | [VALOR_FATURA] Nenhum valor encontrado em 101090745_IGREJA DO EVANGELHO QUADRANGULAR_20251130.pdf
15:34:06 | DEBUG    | unificador | [UC_NOME] Encontrada no nome (antes do _): 1011172939
15:34:06 | INFO     | unificador |    Texto extra칤do: 0 caracteres
15:34:06 | INFO     | unificador |    Preview: ...
15:34:06 | WARNING  | unificador | [VALOR_FATURA] Nenhum valor encontrado em 1011172939_IGREJA DO EVANGELHO QUADRANGULAR_20251130.pdf
15:34:06 | DEBUG    | unificador | [UC_NOME] Encontrada no nome (antes do _): 1011309887
15:34:06 | INFO     | unificador |    Texto extra칤do: 0 caracteres
15:34:06 | INFO     | unificador |    Preview: ...
15:34:06 | WARNING  | unificador | [VALOR_FATURA] Nenhum valor encontrado em 1011309887_IGREJA DO EVANGELHO QUADRANGULAR_20251130.pdf
15:34:06 | DEBUG    | unificador | [UC_NOME] Encontrada no nome (antes do _): 101139716
15:34:06 | INFO     | unificador |    Texto extra칤do: 0 caracteres
15:34:06 | INFO     | unificador |    Preview: ...
15:34:06 | WARNING  | unificador | [VALOR_FATURA] Nenhum valor encontrado em 101139716_IGREJA DO EVANGELHO QUADRANGULAR_20251130.pdf
15:34:06 | DEBUG    | unificador | [UC_NOME] Encontrada no nome (antes do _): 1011847514
15:34:06 | INFO     | unificador |    Texto extra칤do: 0 caracteres
15:34:06 | INFO     | unificador |    Preview: ...
15:34:06 | WARNING  | unificador | [VALOR_FATURA] Nenhum valor encontrado em 1011847514_IGREJA DO EVANGELHO QUADRANGULAR_20251130.pdf
15:34:06 | DEBUG    | unificador | [UC_NOME] Encontrada no nome (antes do _): 1012661286
15:34:06 | INFO     | unificador |    Texto extra칤do: 0 caracteres
15:34:06 | INFO     | unificador |    Preview: ...
15:34:06 | WARNING  | unificador | [VALOR_FATURA] Nenhum valor encontrado em 1012661286_IGREJA DO EVANGELHO QUADRANGULAR_20251130.pdf
15:34:06 | DEBUG    | unificador | [UC_NOME] Encontrada no nome (antes do _): 101274646
15:34:06 | INFO     | unificador |    Texto extra칤do: 0 caracteres
15:34:06 | INFO     | unificador |    Preview: ...
15:34:06 | WARNING  | unificador | [VALOR_FATURA] Nenhum valor encontrado em 101274646_IGREJA DO EVANGELHO QUADRANGULAR_20251130.pdf
15:34:06 | DEBUG    | unificador | [UC_NOME] Encontrada no nome (antes do _): 1012882411
15:34:06 | INFO     | unificador |    Texto extra칤do: 0 caracteres
15:34:06 | INFO     | unificador |    Preview: ...
15:34:06 | WARNING  | unificador | [VALOR_FATURA] Nenhum valor encontrado em 1012882411_IGREJA DO EVANGELHO QUADRANGULAR_20251130.pdf
15:34:06 | DEBUG    | unificador | [UC_NOME] Encontrada no nome (antes do _): 101294909
15:34:06 | INFO     | unificador |    Texto extra칤do: 0 caracteres
15:34:06 | INFO     | unificador |    Preview: ...
15:34:06 | WARNING  | unificador | [VALOR_FATURA] Nenhum valor encontrado em 101294909_IGREJA DO EVANGELHO QUADRANGULAR_20251130.pdf
15:34:06 | DEBUG    | unificador | [UC_NOME] Encontrada no nome (antes do _): 101352376
15:34:06 | INFO     | unificador |    Texto extra칤do: 0 caracteres
15:34:06 | INFO     | unificador |    Preview: ...
15:34:06 | WARNING  | unificador | [VALOR_FATURA] Nenhum valor encontrado em 101352376_IGREJA DO EVANGELHO QUADRANGULAR_20251130.pdf
15:34:06 | DEBUG    | unificador | [UC_NOME] Encontrada no nome (antes do _): 10137869
15:34:06 | INFO     | unificador |    Texto extra칤do: 0 caracteres
15:34:06 | INFO     | unificador |    Preview: ...
15:34:06 | WARNING  | unificador | [VALOR_FATURA] Nenhum valor encontrado em 10137869_IGREJA DO EVANGELHO QUADRANGULAR_20251130.pdf
15:34:06 | DEBUG    | unificador | [UC_NOME] Encontrada no nome (antes do _): 101423532
15:34:06 | INFO     | unificador |    Texto extra칤do: 0 caracteres
15:34:06 | INFO     | unificador |    Preview: ...
15:34:06 | WARNING  | unificador | [VALOR_FATURA] Nenhum valor encontrado em 101423532_IGREJA DO EVANGELHO QUADRANGULAR_20251130.pdf
15:34:06 | DEBUG    | unificador | [UC_NOME] Encontrada no nome (antes do _): 1014330872
15:34:06 | INFO     | unificador |    Texto extra칤do: 0 caracteres
15:34:06 | INFO     | unificador |    Preview: ...
15:34:06 | WARNING  | unificador | [VALOR_FATURA] Nenhum valor encontrado em 1014330872_IGREJA DO EVANGELHO QUADRANGULAR_20251130.pdf
15:34:06 | DEBUG    | unificador | [UC_NOME] Encontrada no nome (antes do _): 101502632
15:34:06 | INFO     | unificador |    Texto extra칤do: 0 caracteres
15:34:06 | INFO     | unificador |    Preview: ...
15:34:06 | WARNING  | unificador | [VALOR_FATURA] Nenhum valor encontrado em 101502632_IGREJA DO EVANGELHO QUADRANGULAR_20251130.pdf
15:34:06 | DEBUG    | unificador | [UC_NOME] Encontrada no nome (antes do _): 10152975
15:34:06 | INFO     | unificador |    Texto extra칤do: 0 caracteres
15:34:06 | INFO     | unificador |    Preview: ...
15:34:06 | WARNING  | unificador | [VALOR_FATURA] Nenhum valor encontrado em 10152975_IGREJA DO EVANGELHO QUADRANGULAR_20251130.pdf
15:34:06 | DEBUG    | unificador | [UC_NOME] Encontrada no nome (antes do _): 1015487416
15:34:06 | INFO     | unificador |    Texto extra칤do: 0 caracteres
15:34:06 | INFO     | unificador |    Preview: ...
15:34:06 | WARNING  | unificador | [VALOR_FATURA] Nenhum valor encontrado em 1015487416_IGREJA DO EVANGELHO QUADRANGULAR_20251130.pdf
15:34:06 | DEBUG    | unificador | [UC_NOME] Encontrada no nome (antes do _): 101569565
15:34:06 | INFO     | unificador |    Texto extra칤do: 0 caracteres
15:34:06 | INFO     | unificador |    Preview: ...
15:34:06 | WARNING  | unificador | [VALOR_FATURA] Nenhum valor encontrado em 101569565_IGREJA DO EVANGELHO QUADRANGULAR_20251130.pdf
15:34:06 | DEBUG    | unificador | [UC_NOME] Encontrada no nome (antes do _): 101627363
15:34:06 | INFO     | unificador |    Texto extra칤do: 0 caracteres
15:34:06 | INFO     | unificador |    Preview: ...
15:34:06 | WARNING  | unificador | [VALOR_FATURA] Nenhum valor encontrado em 101627363_IGREJA DO EVANGELHO QUADRANGULAR_20251130.pdf
15:34:06 | DEBUG    | unificador | [UC_NOME] Encontrada no nome (antes do _): 1016724528
15:34:06 | INFO     | unificador |    Texto extra칤do: 0 caracteres
15:34:06 | INFO     | unificador |    Preview: ...
15:34:06 | WARNING  | unificador | [VALOR_FATURA] Nenhum valor encontrado em 1016724528_IGREJA DO EVANGELHO QUADRANGULAR_20251130.pdf
15:34:06 | DEBUG    | unificador | [UC_NOME] Encontrada no nome (antes do _): 1016741779
15:34:06 | INFO     | unificador |    Texto extra칤do: 0 caracteres
15:34:06 | INFO     | unificador |    Preview: ...
15:34:06 | WARNING  | unificador | [VALOR_FATURA] Nenhum valor encontrado em 1016741779_IGREJA DO EVANGELHO QUADRANGULAR_20251130.pdf
15:34:06 | DEBUG    | unificador | [UC_NOME] Encontrada no nome (antes do _): 1016950115
15:34:06 | INFO     | unificador |    Texto extra칤do: 0 caracteres
15:34:06 | INFO     | unificador |    Preview: ...
15:34:06 | WARNING  | unificador | [VALOR_FATURA] Nenhum valor encontrado em 1016950115_IGREJA DO EVANGELHO QUADRANGULAR_20251130.pdf
15:34:06 | DEBUG    | unificador | [UC_NOME] Encontrada no nome (antes do _): 1016981300
15:34:06 | INFO     | unificador |    Texto extra칤do: 0 caracteres
15:34:06 | INFO     | unificador |    Preview: ...
15:34:06 | WARNING  | unificador | [VALOR_FATURA] Nenhum valor encontrado em 1016981300_IGREJA DO EVANGELHO QUADRANGULAR_20251130.pdf
15:34:06 | DEBUG    | unificador | [UC_NOME] Encontrada no nome (antes do _): 10180158
15:34:06 | INFO     | unificador |    Texto extra칤do: 0 caracteres
15:34:06 | INFO     | unificador |    Preview: ...
15:34:06 | WARNING  | unificador | [VALOR_FATURA] Nenhum valor encontrado em 10180158_IGREJA DO EVANGELHO QUADRANGULAR_20251130.pdf
15:34:06 | DEBUG    | unificador | [UC_NOME] Encontrada no nome (antes do _): 101919455
15:34:06 | INFO     | unificador |    Texto extra칤do: 0 caracteres
15:34:06 | INFO     | unificador |    Preview: ...
15:34:06 | WARNING  | unificador | [VALOR_FATURA] Nenhum valor encontrado em 101919455_IGREJA DO EVANGELHO QUADRANGULAR_20251130.pdf
15:34:06 | DEBUG    | unificador | [UC_NOME] Encontrada no nome (antes do _): 1019390350
15:34:06 | INFO     | unificador |    Texto extra칤do: 0 caracteres
15:34:06 | INFO     | unificador |    Preview: ...
15:34:06 | WARNING  | unificador | [VALOR_FATURA] Nenhum valor encontrado em 1019390350_IGREJA DO EVANGELHO QUADRANGULAR_20251130.pdf
15:34:06 | DEBUG    | unificador | [UC_NOME] Encontrada no nome (antes do _): 102028389
15:34:06 | INFO     | unificador |    Texto extra칤do: 0 caracteres
15:34:06 | INFO     | unificador |    Preview: ...
15:34:06 | WARNING  | unificador | [VALOR_FATURA] Nenhum valor encontrado em 102028389_IGREJA DO EVANGELHO QUADRANGULAR_20251130.pdf
15:34:06 | DEBUG    | unificador | [UC_NOME] Encontrada no nome (antes do _): 102187771
15:34:06 | INFO     | unificador |    Texto extra칤do: 0 caracteres
15:34:06 | INFO     | unificador |    Preview: ...
15:34:06 | WARNING  | unificador | [VALOR_FATURA] Nenhum valor encontrado em 102187771_IGREJA DO EVANGELHO QUADRANGULAR_20251130.pdf
15:34:06 | DEBUG    | unificador | [UC_NOME] Encontrada no nome (antes do _): 1022472567
15:34:06 | INFO     | unificador |    Texto extra칤do: 0 caracteres
15:34:06 | INFO     | unificador |    Preview: ...
15:34:06 | WARNING  | unificador | [VALOR_FATURA] Nenhum valor encontrado em 1022472567_IGREJA DO EVANGELHO QUADRANGULAR_20251130.pdf
15:34:06 | DEBUG    | unificador | [UC_NOME] Encontrada no nome (antes do _): 102266674
15:34:06 | INFO     | unificador |    Texto extra칤do: 0 caracteres
15:34:06 | INFO     | unificador |    Preview: ...
15:34:06 | WARNING  | unificador | [VALOR_FATURA] Nenhum valor encontrado em 102266674_IGREJA DO EVANGELHO QUADRANGULAR_20251130.pdf
15:34:06 | DEBUG    | unificador | [UC_NOME] Encontrada no nome (antes do _): 102374411
15:34:06 | INFO     | unificador |    Texto extra칤do: 0 caracteres
15:34:06 | INFO     | unificador |    Preview: ...
15:34:06 | WARNING  | unificador | [VALOR_FATURA] Nenhum valor encontrado em 102374411_IGREJA DO EVANGELHO QUADRANGULAR_20251130.pdf
15:34:06 | DEBUG    | unificador | [UC_NOME] Encontrada no nome (antes do _): 102393122
15:34:06 | INFO     | unificador |    Texto extra칤do: 0 caracteres
15:34:06 | INFO     | unificador |    Preview: ...
15:34:06 | WARNING  | unificador | [VALOR_FATURA] Nenhum valor encontrado em 102393122_IGREJA DO EVANGELHO QUADRANGULAR_20251130.pdf
15:34:06 | DEBUG    | unificador | [UC_NOME] Encontrada no nome (antes do _): 10245142
15:34:06 | INFO     | unificador |    Texto extra칤do: 0 caracteres
15:34:06 | INFO     | unificador |    Preview: ...
15:34:06 | WARNING  | unificador | [VALOR_FATURA] Nenhum valor encontrado em 10245142_IGREJA DO EVANGELHO QUADRANGULAR_20251130.pdf
15:34:06 | DEBUG    | unificador | [UC_NOME] Encontrada no nome (antes do _): 102528172
15:34:06 | INFO     | unificador |    Texto extra칤do: 0 caracteres
15:34:06 | INFO     | unificador |    Preview: ...
15:34:06 | WARNING  | unificador | [VALOR_FATURA] Nenhum valor encontrado em 102528172_IGREJA DO EVANGELHO QUADRANGULAR_20251130.pdf
15:34:06 | DEBUG    | unificador | [UC_NOME] Encontrada no nome (antes do _): 102578649
15:34:06 | INFO     | unificador |    Texto extra칤do: 0 caracteres
15:34:06 | INFO     | unificador |    Preview: ...
15:34:06 | WARNING  | unificador | [VALOR_FATURA] Nenhum valor encontrado em 102578649_IGREJA DO EVANGELHO QUADRANGULAR_20251130.pdf
15:34:06 | DEBUG    | unificador | [UC_NOME] Encontrada no nome (antes do _): 1025991019
15:34:06 | INFO     | unificador |    Texto extra칤do: 0 caracteres
15:34:06 | INFO     | unificador |    Preview: ...
15:34:06 | WARNING  | unificador | [VALOR_FATURA] Nenhum valor encontrado em 1025991019_IGREJA DO EVANGELHO QUADRANGULAR_20251130.pdf
15:34:06 | DEBUG    | unificador | [UC_NOME] Encontrada no nome (antes do _): 1026057315
15:34:06 | INFO     | unificador |    Texto extra칤do: 0 caracteres
15:34:06 | INFO     | unificador |    Preview: ...
15:34:06 | WARNING  | unificador | [VALOR_FATURA] Nenhum valor encontrado em 1026057315_IGREJA DO EVANGELHO QUADRANGULAR_20251130.pdf
15:34:06 | DEBUG    | unificador | [UC_NOME] Encontrada no nome (antes do _): 102607612
15:34:06 | INFO     | unificador |    Texto extra칤do: 0 caracteres
15:34:06 | INFO     | unificador |    Preview: ...
15:34:06 | WARNING  | unificador | [VALOR_FATURA] Nenhum valor encontrado em 102607612_IGREJA DO EVANGELHO QUADRANGULAR_20251130.pdf
15:34:06 | DEBUG    | unificador | [UC_NOME] Encontrada no nome (antes do _): 102762839
15:34:06 | INFO     | unificador |    Texto extra칤do: 0 caracteres
15:34:07 | INFO     | unificador |    Preview: ...
15:34:07 | WARNING  | unificador | [VALOR_FATURA] Nenhum valor encontrado em 102762839_IGREJA DO EVANGELHO QUADRANGULAR_20251130.pdf
15:34:07 | DEBUG    | unificador | [UC_NOME] Encontrada no nome (antes do _): 1027944321
15:34:07 | INFO     | unificador |    Texto extra칤do: 0 caracteres
15:34:07 | INFO     | unificador |    Preview: ...
15:34:07 | WARNING  | unificador | [VALOR_FATURA] Nenhum valor encontrado em 1027944321_IGREJA DO EVANGELHO QUADRANGULAR_20251130.pdf
15:34:07 | DEBUG    | unificador | [UC_NOME] Encontrada no nome (antes do _): 102806388
15:34:07 | INFO     | unificador |    Texto extra칤do: 0 caracteres
15:34:07 | INFO     | unificador |    Preview: ...
15:34:07 | WARNING  | unificador | [VALOR_FATURA] Nenhum valor encontrado em 102806388_IGREJA DO EVANGELHO QUADRANGULAR_20251130.pdf
15:34:07 | DEBUG    | unificador | [UC_NOME] Encontrada no nome (antes do _): 102831832
15:34:07 | INFO     | unificador |    Texto extra칤do: 0 caracteres
15:34:07 | INFO     | unificador |    Preview: ...
15:34:07 | WARNING  | unificador | [VALOR_FATURA] Nenhum valor encontrado em 102831832_IGREJA DO EVANGELHO QUADRANGULAR_20251130.pdf
15:34:07 | DEBUG    | unificador | [UC_NOME] Encontrada no nome (antes do _): 10299644
15:34:07 | INFO     | unificador |    Texto extra칤do: 0 caracteres
15:34:07 | INFO     | unificador |    Preview: ...
15:34:07 | WARNING  | unificador | [VALOR_FATURA] Nenhum valor encontrado em 10299644_IGREJA DO EVANGELHO QUADRANGULAR_20251130.pdf
15:34:07 | DEBUG    | unificador | [UC_NOME] Encontrada no nome (antes do _): 1030052260
15:34:07 | INFO     | unificador |    Texto extra칤do: 0 caracteres
15:34:07 | INFO     | unificador |    Preview: ...
15:34:07 | WARNING  | unificador | [VALOR_FATURA] Nenhum valor encontrado em 1030052260_IGREJA DO EVANGELHO QUADRANGULAR_20251130.pdf
15:34:07 | DEBUG    | unificador | [UC_NOME] Encontrada no nome (antes do _): 1030307847
15:34:07 | INFO     | unificador |    Texto extra칤do: 0 caracteres
15:34:07 | INFO     | unificador |    Preview: ...
15:34:07 | WARNING  | unificador | [VALOR_FATURA] Nenhum valor encontrado em 1030307847_IGREJA DO EVANGELHO QUADRANGULAR_20251130.pdf
15:34:07 | DEBUG    | unificador | [UC_NOME] Encontrada no nome (antes do _): 1030405658
15:34:07 | INFO     | unificador |    Texto extra칤do: 0 caracteres
15:34:07 | INFO     | unificador |    Preview: ...
15:34:07 | WARNING  | unificador | [VALOR_FATURA] Nenhum valor encontrado em 1030405658_IGREJA DO EVANGELHO QUADRANGULAR_20251130.pdf
15:34:07 | DEBUG    | unificador | [UC_NOME] Encontrada no nome (antes do _): 1030928683
15:34:07 | INFO     | unificador |    Texto extra칤do: 0 caracteres
15:34:07 | INFO     | unificador |    Preview: ...
15:34:07 | WARNING  | unificador | [VALOR_FATURA] Nenhum valor encontrado em 1030928683_IGREJA DO EVANGELHO QUADRANGULAR_20251130.pdf
15:34:07 | DEBUG    | unificador | [UC_NOME] Encontrada no nome (antes do _): 1031237068
15:34:07 | INFO     | unificador |    Texto extra칤do: 0 caracteres
15:34:07 | INFO     | unificador |    Preview: ...
15:34:07 | WARNING  | unificador | [VALOR_FATURA] Nenhum valor encontrado em 1031237068_IGREJA DO EVANGELHO QUADRANGULAR_20251130.pdf
15:34:07 | DEBUG    | unificador | [UC_NOME] Encontrada no nome (antes do _): 1031393267
15:34:07 | INFO     | unificador |    Texto extra칤do: 0 caracteres
15:34:07 | INFO     | unificador |    Preview: ...
15:34:07 | WARNING  | unificador | [VALOR_FATURA] Nenhum valor encontrado em 1031393267_IGREJA DO EVANGELHO QUADRANGULAR_20251130.pdf
15:34:07 | DEBUG    | unificador | [UC_NOME] Encontrada no nome (antes do _): 103413085
15:34:07 | INFO     | unificador |    Texto extra칤do: 0 caracteres
15:34:07 | INFO     | unificador |    Preview: ...
15:34:07 | WARNING  | unificador | [VALOR_FATURA] Nenhum valor encontrado em 103413085_IGREJA DO EVANGELHO QUADRANGULAR_20251130.pdf
15:34:07 | DEBUG    | unificador | [UC_NOME] Encontrada no nome (antes do _): 1035560721
15:34:07 | INFO     | unificador |    Texto extra칤do: 0 caracteres
15:34:07 | INFO     | unificador |    Preview: ...
15:34:07 | WARNING  | unificador | [VALOR_FATURA] Nenhum valor encontrado em 1035560721_IGREJA DO EVANGELHO QUADRANGULAR_20251130.pdf
15:34:07 | DEBUG    | unificador | [UC_NOME] Encontrada no nome (antes do _): 103644408
15:34:07 | INFO     | unificador |    Texto extra칤do: 0 caracteres
15:34:07 | INFO     | unificador |    Preview: ...
15:34:07 | WARNING  | unificador | [VALOR_FATURA] Nenhum valor encontrado em 103644408_IGREJA DO EVANGELHO QUADRANGULAR_20251130.pdf
15:34:07 | DEBUG    | unificador | [UC_NOME] Encontrada no nome (antes do _): 103848231
15:34:07 | INFO     | unificador |    Texto extra칤do: 0 caracteres
15:34:07 | INFO     | unificador |    Preview: ...
15:34:07 | WARNING  | unificador | [VALOR_FATURA] Nenhum valor encontrado em 103848231_IGREJA DO EVANGELHO QUADRANGULAR_20251130.pdf
15:34:07 | DEBUG    | unificador | [UC_NOME] Encontrada no nome (antes do _): 103954716
15:34:07 | INFO     | unificador |    Texto extra칤do: 0 caracteres
15:34:07 | INFO     | unificador |    Preview: ...
15:34:07 | WARNING  | unificador | [VALOR_FATURA] Nenhum valor encontrado em 103954716_IGREJA DO EVANGELHO QUADRANGULAR_20251130.pdf
15:34:07 | DEBUG    | unificador | [UC_NOME] Encontrada no nome (antes do _): 103993383
15:34:07 | INFO     | unificador |    Texto extra칤do: 0 caracteres
15:34:07 | INFO     | unificador |    Preview: ...
15:34:07 | WARNING  | unificador | [VALOR_FATURA] Nenhum valor encontrado em 103993383_IGREJA DO EVANGELHO QUADRANGULAR_20251130.pdf
15:34:07 | DEBUG    | unificador | [UC_NOME] Encontrada no nome (antes do _): 10415489
15:34:07 | INFO     | unificador |    Texto extra칤do: 0 caracteres
15:34:07 | INFO     | unificador |    Preview: ...
15:34:07 | WARNING  | unificador | [VALOR_FATURA] Nenhum valor encontrado em 10415489_IGREJA DO EVANGELHO QUADRANGULAR_20251130.pdf
15:34:07 | DEBUG    | unificador | [UC_NOME] Encontrada no nome (antes do _): 104359642
15:34:07 | INFO     | unificador |    Texto extra칤do: 0 caracteres
15:34:07 | INFO     | unificador |    Preview: ...
15:34:07 | WARNING  | unificador | [VALOR_FATURA] Nenhum valor encontrado em 104359642_IGREJA DO EVANGELHO QUADRANGULAR_20251130.pdf
15:34:07 | DEBUG    | unificador | [UC_NOME] Encontrada no nome (antes do _): 104528840
15:34:07 | INFO     | unificador |    Texto extra칤do: 0 caracteres
15:34:07 | INFO     | unificador |    Preview: ...
15:34:07 | WARNING  | unificador | [VALOR_FATURA] Nenhum valor encontrado em 104528840_IGREJA DO EVANGELHO QUADRANGULAR_20251130.pdf
15:34:07 | DEBUG    | unificador | [UC_NOME] Encontrada no nome (antes do _): 104665600
15:34:07 | INFO     | unificador |    Texto extra칤do: 0 caracteres
15:34:07 | INFO     | unificador |    Preview: ...
15:34:07 | WARNING  | unificador | [VALOR_FATURA] Nenhum valor encontrado em 104665600_IGREJA DO EVANGELHO QUADRANGULAR_20251130.pdf
15:34:07 | DEBUG    | unificador | [UC_NOME] Encontrada no nome (antes do _): 104805297
15:34:07 | INFO     | unificador |    Texto extra칤do: 0 caracteres
15:34:07 | INFO     | unificador |    Preview: ...
15:34:07 | WARNING  | unificador | [VALOR_FATURA] Nenhum valor encontrado em 104805297_IGREJA DO EVANGELHO QUADRANGULAR_20251130.pdf
15:34:07 | DEBUG    | unificador | [UC_NOME] Encontrada no nome (antes do _): 104890760
15:34:07 | INFO     | unificador |    Texto extra칤do: 0 caracteres
15:34:07 | INFO     | unificador |    Preview: ...
15:34:07 | WARNING  | unificador | [VALOR_FATURA] Nenhum valor encontrado em 104890760_IGREJA DO EVANGELHO QUADRANGULAR_20251130.pdf
15:34:07 | DEBUG    | unificador | [UC_NOME] Encontrada no nome (antes do _): 105015862
15:34:07 | INFO     | unificador |    Texto extra칤do: 0 caracteres
15:34:07 | INFO     | unificador |    Preview: ...
15:34:07 | WARNING  | unificador | [VALOR_FATURA] Nenhum valor encontrado em 105015862_IGREJA DO EVANGELHO QUADRANGULAR_20251130.pdf
15:34:07 | DEBUG    | unificador | [UC_NOME] Encontrada no nome (antes do _): 105048442
15:34:07 | INFO     | unificador |    Texto extra칤do: 0 caracteres
15:34:07 | INFO     | unificador |    Preview: ...
15:34:07 | WARNING  | unificador | [VALOR_FATURA] Nenhum valor encontrado em 105048442_IGREJA DO EVANGELHO QUADRANGULAR_20251130.pdf
15:34:07 | DEBUG    | unificador | [UC_NOME] Encontrada no nome (antes do _): 105058540
15:34:07 | INFO     | unificador |    Texto extra칤do: 0 caracteres
15:34:07 | INFO     | unificador |    Preview: ...
15:34:07 | WARNING  | unificador | [VALOR_FATURA] Nenhum valor encontrado em 105058540_IGREJA DO EVANGELHO QUADRANGULAR_20251130.pdf
15:34:07 | DEBUG    | unificador | [UC_NOME] Encontrada no nome (antes do _): 105103304
15:34:07 | INFO     | unificador |    Texto extra칤do: 0 caracteres
15:34:07 | INFO     | unificador |    Preview: ...
15:34:07 | WARNING  | unificador | [VALOR_FATURA] Nenhum valor encontrado em 105103304_IGREJA DO EVANGELHO QUADRANGULAR_20251130.pdf
15:34:07 | DEBUG    | unificador | [UC_NOME] Encontrada no nome (antes do _): 105117536
15:34:07 | INFO     | unificador |    Texto extra칤do: 0 caracteres
15:34:07 | INFO     | unificador |    Preview: ...
15:34:07 | WARNING  | unificador | [VALOR_FATURA] Nenhum valor encontrado em 105117536_IGREJA DO EVANGELHO QUADRANGULAR_20251130.pdf
15:34:07 | DEBUG    | unificador | [UC_NOME] Encontrada no nome (antes do _): 105134135
15:34:07 | INFO     | unificador |    Texto extra칤do: 0 caracteres
15:34:07 | INFO     | unificador |    Preview: ...
15:34:07 | WARNING  | unificador | [VALOR_FATURA] Nenhum valor encontrado em 105134135_IGREJA DO EVANGELHO QUADRANGULAR_20251130.pdf
15:34:07 | DEBUG    | unificador | [UC_NOME] Encontrada no nome (antes do _): 1052027
15:34:07 | INFO     | unificador |    Texto extra칤do: 0 caracteres
15:34:07 | INFO     | unificador |    Preview: ...
15:34:07 | WARNING  | unificador | [VALOR_FATURA] Nenhum valor encontrado em 1052027_IGREJA DO EVANGELHO QUADRANGULAR_20251130.pdf
15:34:07 | DEBUG    | unificador | [UC_NOME] Encontrada no nome (antes do _): 10529875
15:34:07 | INFO     | unificador |    Texto extra칤do: 0 caracteres
15:34:07 | INFO     | unificador |    Preview: ...
15:34:07 | WARNING  | unificador | [VALOR_FATURA] Nenhum valor encontrado em 10529875_IGREJA DO EVANGELHO QUADRANGULAR_20251130.pdf
15:34:07 | DEBUG    | unificador | [UC_NOME] Encontrada no nome (antes do _): 105301957
15:34:07 | INFO     | unificador |    Texto extra칤do: 0 caracteres
15:34:07 | INFO     | unificador |    Preview: ...
15:34:07 | WARNING  | unificador | [VALOR_FATURA] Nenhum valor encontrado em 105301957_IGREJA DO EVANGELHO QUADRANGULAR_20251130.pdf
15:34:07 | DEBUG    | unificador | [UC_NOME] Encontrada no nome (antes do _): 105320817
15:34:07 | INFO     | unificador |    Texto extra칤do: 0 caracteres
15:34:07 | INFO     | unificador |    Preview: ...
15:34:07 | WARNING  | unificador | [VALOR_FATURA] Nenhum valor encontrado em 105320817_IGREJA DO EVANGELHO QUADRANGULAR_20251130.pdf
15:34:07 | DEBUG    | unificador | [UC_NOME] Encontrada no nome (antes do _): 105327234
15:34:07 | INFO     | unificador |    Texto extra칤do: 0 caracteres
15:34:07 | INFO     | unificador |    Preview: ...
15:34:07 | WARNING  | unificador | [VALOR_FATURA] Nenhum valor encontrado em 105327234_IGREJA DO EVANGELHO QUADRANGULAR_20251130.pdf
15:34:07 | DEBUG    | unificador | [UC_NOME] Encontrada no nome (antes do _): 10613448
15:34:07 | INFO     | unificador |    Texto extra칤do: 0 caracteres
15:34:07 | INFO     | unificador |    Preview: ...
15:34:07 | WARNING  | unificador | [VALOR_FATURA] Nenhum valor encontrado em 10613448_IGREJA DO EVANGELHO QUADRANGULAR_20251130.pdf
15:34:07 | DEBUG    | unificador | [UC_NOME] Encontrada no nome (antes do _): 10639203
15:34:07 | INFO     | unificador |    Texto extra칤do: 0 caracteres
15:34:07 | INFO     | unificador |    Preview: ...
15:34:07 | WARNING  | unificador | [VALOR_FATURA] Nenhum valor encontrado em 10639203_IGREJA DO EVANGELHO QUADRANGULAR_20251130.pdf
15:34:07 | DEBUG    | unificador | [UC_NOME] Encontrada no nome (antes do _): 10693192
15:34:07 | INFO     | unificador |    Texto extra칤do: 0 caracteres
15:34:07 | INFO     | unificador |    Preview: ...
15:34:07 | WARNING  | unificador | [VALOR_FATURA] Nenhum valor encontrado em 10693192_IGREJA DO EVANGELHO QUADRANGULAR_20251130.pdf
15:34:07 | DEBUG    | unificador | [UC_NOME] Encontrada no nome (antes do _): 10726059
15:34:07 | INFO     | unificador |    Texto extra칤do: 0 caracteres
15:34:07 | INFO     | unificador |    Preview: ...
15:34:07 | WARNING  | unificador | [VALOR_FATURA] Nenhum valor encontrado em 10726059_IGREJA DO EVANGELHO QUADRANGULAR_20251130.pdf
15:34:07 | DEBUG    | unificador | [UC_NOME] Encontrada no nome (antes do _): 10769273
15:34:07 | INFO     | unificador |    Texto extra칤do: 0 caracteres
15:34:08 | INFO     | unificador |    Preview: ...
15:34:08 | WARNING  | unificador | [VALOR_FATURA] Nenhum valor encontrado em 10769273_IGREJA DO EVANGELHO QUADRANGULAR_20251130.pdf
15:34:08 | DEBUG    | unificador | [UC_NOME] Encontrada no nome (antes do _): 10783381
15:34:08 | INFO     | unificador |    Texto extra칤do: 0 caracteres
15:34:08 | INFO     | unificador |    Preview: ...
15:34:08 | WARNING  | unificador | [VALOR_FATURA] Nenhum valor encontrado em 10783381_IGREJA DO EVANGELHO QUADRANGULAR_20251130.pdf
15:34:08 | DEBUG    | unificador | [UC_NOME] Encontrada no nome (antes do _): 10812222
15:34:08 | INFO     | unificador |    Texto extra칤do: 0 caracteres
15:34:08 | INFO     | unificador |    Preview: ...
15:34:08 | WARNING  | unificador | [VALOR_FATURA] Nenhum valor encontrado em 10812222_IGREJA DO EVANGELHO QUADRANGULAR_20251130.pdf
15:34:08 | DEBUG    | unificador | [UC_NOME] Encontrada no nome (antes do _): 109088667
15:34:08 | INFO     | unificador |    Texto extra칤do: 0 caracteres
15:34:08 | INFO     | unificador |    Preview: ...
15:34:08 | WARNING  | unificador | [VALOR_FATURA] Nenhum valor encontrado em 109088667_IGREJA DO EVANGELHO QUADRANGULAR_20251130.pdf
15:34:08 | DEBUG    | unificador | [UC_NOME] Encontrada no nome (antes do _): 109259706
15:34:08 | INFO     | unificador |    Texto extra칤do: 0 caracteres
15:34:08 | INFO     | unificador |    Preview: ...
15:34:08 | WARNING  | unificador | [VALOR_FATURA] Nenhum valor encontrado em 109259706_IGREJA DO EVANGELHO QUADRANGULAR_20251130.pdf
15:34:08 | DEBUG    | unificador | [UC_NOME] Encontrada no nome (antes do _): 109313271
15:34:08 | INFO     | unificador |    Texto extra칤do: 0 caracteres
15:34:08 | INFO     | unificador |    Preview: ...
15:34:08 | WARNING  | unificador | [VALOR_FATURA] Nenhum valor encontrado em 109313271_IGREJA DO EVANGELHO QUADRANGULAR_20251130.pdf
15:34:08 | DEBUG    | unificador | [UC_NOME] Encontrada no nome (antes do _): 109525791
15:34:08 | INFO     | unificador |    Texto extra칤do: 0 caracteres
15:34:08 | INFO     | unificador |    Preview: ...
15:34:08 | WARNING  | unificador | [VALOR_FATURA] Nenhum valor encontrado em 109525791_IGREJA DO EVANGELHO QUADRANGULAR_20251130.pdf
15:34:08 | DEBUG    | unificador | [UC_NOME] Encontrada no nome (antes do _): 109871781
15:34:08 | INFO     | unificador |    Texto extra칤do: 0 caracteres
15:34:08 | INFO     | unificador |    Preview: ...
15:34:08 | WARNING  | unificador | [VALOR_FATURA] Nenhum valor encontrado em 109871781_IGREJA DO EVANGELHO QUADRANGULAR_20251130.pdf
15:34:08 | DEBUG    | unificador | [UC_NOME] Encontrada no nome (antes do _): 1010178044
15:34:08 | INFO     | unificador |    Texto extra칤do: 2713 caracteres
15:34:08 | INFO     | unificador |    Preview: Evite problemas: N칚o edite o c칩digo de barras ou pague o mesmo boleto duas vezes. Caso o boleto j치 tenha vencido, solicite um novo boleto. 529 52990.00108 90001.427211 26000.000104 6 12960000018373 Be...
15:34:08 | DEBUG    | unificador | [VALOR_BOLETO] Via r칩tulo (alternativo): 183.73
15:34:08 | DEBUG    | unificador | [UC_NOME] Encontrada no nome (antes do _): 10102327
15:34:09 | INFO     | unificador |    Texto extra칤do: 2699 caracteres
15:34:09 | INFO     | unificador |    Preview: Evite problemas: N칚o edite o c칩digo de barras ou pague o mesmo boleto duas vezes. Caso o boleto j치 tenha vencido, solicite um novo boleto. 529 52990.00108 90001.427211 31000.000104 1 12960000003596 Be...
15:34:09 | DEBUG    | unificador | [VALOR_BOLETO] Via r칩tulo (alternativo): 35.96
15:34:09 | DEBUG    | unificador | [UC_NOME] Encontrada no nome (antes do _): 1010356558
15:34:09 | INFO     | unificador |    Texto extra칤do: 2709 caracteres
15:34:09 | INFO     | unificador |    Preview: Evite problemas: N칚o edite o c칩digo de barras ou pague o mesmo boleto duas vezes. Caso o boleto j치 tenha vencido, solicite um novo boleto. 529 52990.00108 90001.427211 32000.000102 1 12960000037840 Be...
15:34:09 | DEBUG    | unificador | [VALOR_BOLETO] Via r칩tulo (alternativo): 378.4
15:34:09 | DEBUG    | unificador | [UC_NOME] Encontrada no nome (antes do _): 1010814895
15:34:10 | INFO     | unificador |    Texto extra칤do: 2709 caracteres
15:34:10 | INFO     | unificador |    Preview: Evite problemas: N칚o edite o c칩digo de barras ou pague o mesmo boleto duas vezes. Caso o boleto j치 tenha vencido, solicite um novo boleto. 529 52990.00108 90001.415869 03000.000103 7 12960000038283 Be...
15:34:10 | DEBUG    | unificador | [VALOR_BOLETO] Via r칩tulo (alternativo): 382.83
15:34:10 | DEBUG    | unificador | [UC_NOME] Encontrada no nome (antes do _): 101090745
15:34:10 | INFO     | unificador |    Texto extra칤do: 2705 caracteres
15:34:10 | INFO     | unificador |    Preview: Evite problemas: N칚o edite o c칩digo de barras ou pague o mesmo boleto duas vezes. Caso o boleto j치 tenha vencido, solicite um novo boleto. 529 52990.00108 90001.415869 11000.000106 9 12960000027020 Be...
15:34:10 | DEBUG    | unificador | [VALOR_BOLETO] Via r칩tulo (alternativo): 270.2
15:34:10 | DEBUG    | unificador | [UC_NOME] Encontrada no nome (antes do _): 1011172939
15:34:11 | INFO     | unificador |    Texto extra칤do: 2707 caracteres
15:34:11 | INFO     | unificador |    Preview: Evite problemas: N칚o edite o c칩digo de barras ou pague o mesmo boleto duas vezes. Caso o boleto j치 tenha vencido, solicite um novo boleto. 529 52990.00108 90001.427211 33000.000100 2 12960000015434 Be...
15:34:11 | DEBUG    | unificador | [VALOR_BOLETO] Via r칩tulo (alternativo): 154.34
15:34:11 | DEBUG    | unificador | [UC_NOME] Encontrada no nome (antes do _): 1011309887
15:34:12 | INFO     | unificador |    Texto extra칤do: 2705 caracteres
15:34:12 | INFO     | unificador |    Preview: Evite problemas: N칚o edite o c칩digo de barras ou pague o mesmo boleto duas vezes. Caso o boleto j치 tenha vencido, solicite um novo boleto. 529 52990.00108 90001.427211 43000.000109 9 12960000009998 Be...
15:34:12 | DEBUG    | unificador | [VALOR_BOLETO] Via r칩tulo (alternativo): 99.98
15:34:12 | DEBUG    | unificador | [UC_NOME] Encontrada no nome (antes do _): 101139716
15:34:12 | INFO     | unificador |    Texto extra칤do: 2699 caracteres
15:34:12 | INFO     | unificador |    Preview: Evite problemas: N칚o edite o c칩digo de barras ou pague o mesmo boleto duas vezes. Caso o boleto j치 tenha vencido, solicite um novo boleto. 529 52990.00108 90001.415869 00000.000109 9 12960000007184 Be...
15:34:12 | DEBUG    | unificador | [VALOR_BOLETO] Via r칩tulo (alternativo): 71.84
15:34:12 | DEBUG    | unificador | [UC_NOME] Encontrada no nome (antes do _): 1011847514
15:34:13 | INFO     | unificador |    Texto extra칤do: 2707 caracteres
15:34:13 | INFO     | unificador |    Preview: Evite problemas: N칚o edite o c칩digo de barras ou pague o mesmo boleto duas vezes. Caso o boleto j치 tenha vencido, solicite um novo boleto. 529 52990.00108 90001.415851 83000.000105 4 12960000018107 Be...
15:34:13 | DEBUG    | unificador | [VALOR_BOLETO] Via r칩tulo (alternativo): 181.07
15:34:13 | DEBUG    | unificador | [UC_NOME] Encontrada no nome (antes do _): 1012661286
15:34:14 | INFO     | unificador |    Texto extra칤do: 2707 caracteres
15:34:14 | INFO     | unificador |    Preview: Evite problemas: N칚o edite o c칩digo de barras ou pague o mesmo boleto duas vezes. Caso o boleto j치 tenha vencido, solicite um novo boleto. 529 52990.00108 90001.427211 42000.000101 1 12960000020289 Be...
15:34:14 | DEBUG    | unificador | [VALOR_BOLETO] Via r칩tulo (alternativo): 202.89
15:34:14 | DEBUG    | unificador | [UC_NOME] Encontrada no nome (antes do _): 101274646
15:34:14 | INFO     | unificador |    Texto extra칤do: 2707 caracteres
15:34:14 | INFO     | unificador |    Preview: Evite problemas: N칚o edite o c칩digo de barras ou pague o mesmo boleto duas vezes. Caso o boleto j치 tenha vencido, solicite um novo boleto. 529 52990.00108 90001.415869 06000.000106 1 12960000050020 Be...
15:34:14 | DEBUG    | unificador | [VALOR_BOLETO] Via r칩tulo (alternativo): 500.2
15:34:14 | DEBUG    | unificador | [UC_NOME] Encontrada no nome (antes do _): 1012882411
15:34:15 | INFO     | unificador |    Texto extra칤do: 2707 caracteres
15:34:15 | INFO     | unificador |    Preview: Evite problemas: N칚o edite o c칩digo de barras ou pague o mesmo boleto duas vezes. Caso o boleto j치 tenha vencido, solicite um novo boleto. 529 52990.00108 90001.415869 18000.000101 2 12960000024271 Be...
15:34:15 | DEBUG    | unificador | [VALOR_BOLETO] Via r칩tulo (alternativo): 242.71
15:34:15 | DEBUG    | unificador | [UC_NOME] Encontrada no nome (antes do _): 101294909
15:34:15 | INFO     | unificador |    Texto extra칤do: 2705 caracteres
15:34:15 | INFO     | unificador |    Preview: Evite problemas: N칚o edite o c칩digo de barras ou pague o mesmo boleto duas vezes. Caso o boleto j치 tenha vencido, solicite um novo boleto. 529 52990.00108 90001.415869 22000.000103 1 12960000019274 Be...
15:34:15 | DEBUG    | unificador | [VALOR_BOLETO] Via r칩tulo (alternativo): 192.74
15:34:15 | DEBUG    | unificador | [UC_NOME] Encontrada no nome (antes do _): 101352376
15:34:15 | INFO     | unificador |    Texto extra칤do: 2705 caracteres
15:34:15 | INFO     | unificador |    Preview: Evite problemas: N칚o edite o c칩digo de barras ou pague o mesmo boleto duas vezes. Caso o boleto j치 tenha vencido, solicite um novo boleto. 529 52990.00108 90001.415851 97000.000105 1 12960000011113 Be...
15:34:15 | DEBUG    | unificador | [VALOR_BOLETO] Via r칩tulo (alternativo): 111.13
15:34:15 | DEBUG    | unificador | [UC_NOME] Encontrada no nome (antes do _): 10137869
15:34:16 | INFO     | unificador |    Texto extra칤do: 2703 caracteres
15:34:16 | INFO     | unificador |    Preview: Evite problemas: N칚o edite o c칩digo de barras ou pague o mesmo boleto duas vezes. Caso o boleto j치 tenha vencido, solicite um novo boleto. 529 52990.00108 90001.415869 21000.000105 6 12960000022218 Be...
15:34:16 | DEBUG    | unificador | [VALOR_BOLETO] Via r칩tulo (alternativo): 222.18
15:34:16 | DEBUG    | unificador | [UC_NOME] Encontrada no nome (antes do _): 101423532
15:34:16 | INFO     | unificador |    Texto extra칤do: 2705 caracteres
15:34:16 | INFO     | unificador |    Preview: Evite problemas: N칚o edite o c칩digo de barras ou pague o mesmo boleto duas vezes. Caso o boleto j치 tenha vencido, solicite um novo boleto. 529 52990.00108 90001.415869 08000.000102 3 12960000032298 Be...
15:34:16 | DEBUG    | unificador | [VALOR_BOLETO] Via r칩tulo (alternativo): 322.98
15:34:16 | DEBUG    | unificador | [UC_NOME] Encontrada no nome (antes do _): 1014330872
15:34:16 | INFO     | unificador |    Texto extra칤do: 2707 caracteres
15:34:16 | INFO     | unificador |    Preview: Evite problemas: N칚o edite o c칩digo de barras ou pague o mesmo boleto duas vezes. Caso o boleto j치 tenha vencido, solicite um novo boleto. 529 52990.00108 90001.427211 34000.000108 2 12960000014985 Be...
15:34:16 | DEBUG    | unificador | [VALOR_BOLETO] Via r칩tulo (alternativo): 149.85
15:34:16 | DEBUG    | unificador | [UC_NOME] Encontrada no nome (antes do _): 10152975
15:34:17 | INFO     | unificador |    Texto extra칤do: 2705 caracteres
15:34:17 | INFO     | unificador |    Preview: Evite problemas: N칚o edite o c칩digo de barras ou pague o mesmo boleto duas vezes. Caso o boleto j치 tenha vencido, solicite um novo boleto. 529 52990.00108 90001.415869 09000.000100 2 12960000042450 Be...
15:34:17 | DEBUG    | unificador | [VALOR_BOLETO] Via r칩tulo (alternativo): 424.5
15:34:17 | DEBUG    | unificador | [UC_NOME] Encontrada no nome (antes do _): 1015487416
15:34:18 | INFO     | unificador |    Texto extra칤do: 2707 caracteres
15:34:18 | INFO     | unificador |    Preview: Evite problemas: N칚o edite o c칩digo de barras ou pague o mesmo boleto duas vezes. Caso o boleto j치 tenha vencido, solicite um novo boleto. 529 52990.00108 90001.427211 30000.000106 1 12960000011945 Be...
15:34:18 | DEBUG    | unificador | [VALOR_BOLETO] Via r칩tulo (alternativo): 119.45
15:34:18 | DEBUG    | unificador | [UC_NOME] Encontrada no nome (antes do _): 101569565
15:34:18 | INFO     | unificador |    Texto extra칤do: 2705 caracteres
15:34:18 | INFO     | unificador |    Preview: Evite problemas: N칚o edite o c칩digo de barras ou pague o mesmo boleto duas vezes. Caso o boleto j치 tenha vencido, solicite um novo boleto. 529 52990.00108 90001.415851 94000.000102 5 12960000019354 Be...
15:34:18 | DEBUG    | unificador | [VALOR_BOLETO] Via r칩tulo (alternativo): 193.54
15:34:18 | DEBUG    | unificador | [UC_NOME] Encontrada no nome (antes do _): 101627363
15:34:18 | INFO     | unificador |    Texto extra칤do: 2705 caracteres
15:34:18 | INFO     | unificador |    Preview: Evite problemas: N칚o edite o c칩digo de barras ou pague o mesmo boleto duas vezes. Caso o boleto j치 tenha vencido, solicite um novo boleto. 529 52990.00108 90001.415851 87000.000106 8 12960000012645 Be...
15:34:18 | DEBUG    | unificador | [VALOR_BOLETO] Via r칩tulo (alternativo): 126.45
15:34:18 | DEBUG    | unificador | [UC_NOME] Encontrada no nome (antes do _): 1016724528
15:34:19 | INFO     | unificador |    Texto extra칤do: 2707 caracteres
15:34:19 | INFO     | unificador |    Preview: Evite problemas: N칚o edite o c칩digo de barras ou pague o mesmo boleto duas vezes. Caso o boleto j치 tenha vencido, solicite um novo boleto. 529 52990.00108 90001.415851 80000.000101 1 12960000024893 Be...
15:34:19 | DEBUG    | unificador | [VALOR_BOLETO] Via r칩tulo (alternativo): 248.93
15:34:19 | DEBUG    | unificador | [UC_NOME] Encontrada no nome (antes do _): 1016741779
15:34:19 | INFO     | unificador |    Texto extra칤do: 2707 caracteres
15:34:19 | INFO     | unificador |    Preview: Evite problemas: N칚o edite o c칩digo de barras ou pague o mesmo boleto duas vezes. Caso o boleto j치 tenha vencido, solicite um novo boleto. 529 52990.00108 90001.427211 35000.000105 1 12960000010286 Be...
15:34:19 | DEBUG    | unificador | [VALOR_BOLETO] Via r칩tulo (alternativo): 102.86
15:34:19 | DEBUG    | unificador | [UC_NOME] Encontrada no nome (antes do _): 1016950115
15:34:20 | INFO     | unificador |    Texto extra칤do: 2707 caracteres
15:34:20 | INFO     | unificador |    Preview: Evite problemas: N칚o edite o c칩digo de barras ou pague o mesmo boleto duas vezes. Caso o boleto j치 tenha vencido, solicite um novo boleto. 529 52990.00108 90001.427211 21000.000105 1 12960000020595 Be...
15:34:20 | DEBUG    | unificador | [VALOR_BOLETO] Via r칩tulo (alternativo): 205.95
15:34:20 | DEBUG    | unificador | [UC_NOME] Encontrada no nome (antes do _): 1016981300
15:34:20 | INFO     | unificador |    Texto extra칤do: 2707 caracteres
15:34:20 | INFO     | unificador |    Preview: Evite problemas: N칚o edite o c칩digo de barras ou pague o mesmo boleto duas vezes. Caso o boleto j치 tenha vencido, solicite um novo boleto. 529 52990.00108 90001.415851 86000.000108 5 12960000022423 Be...
15:34:20 | DEBUG    | unificador | [VALOR_BOLETO] Via r칩tulo (alternativo): 224.23
15:34:20 | DEBUG    | unificador | [UC_NOME] Encontrada no nome (antes do _): 101750736
15:34:21 | INFO     | unificador |    Texto extra칤do: 2695 caracteres
15:34:21 | INFO     | unificador |    Preview: Evite problemas: N칚o edite o c칩digo de barras ou pague o mesmo boleto duas vezes. Caso o boleto j치 tenha vencido, solicite um novo boleto. 529 52990.00108 90001.427211 44000.000107 4 12960000000598 Be...
15:34:21 | DEBUG    | unificador | [VALOR_BOLETO] Via r칩tulo (alternativo): 5.98
15:34:21 | DEBUG    | unificador | [UC_NOME] Encontrada no nome (antes do _): 10180158
15:34:21 | INFO     | unificador |    Texto extra칤do: 2707 caracteres
15:34:21 | INFO     | unificador |    Preview: Evite problemas: N칚o edite o c칩digo de barras ou pague o mesmo boleto duas vezes. Caso o boleto j치 tenha vencido, solicite um novo boleto. 529 52990.00108 90001.427211 22000.000103 3 12960000094003 Be...
15:34:21 | DEBUG    | unificador | [VALOR_BOLETO] Via r칩tulo (alternativo): 940.03
15:34:21 | DEBUG    | unificador | [UC_NOME] Encontrada no nome (antes do _): 101919455
15:34:22 | INFO     | unificador |    Texto extra칤do: 2707 caracteres
15:34:22 | INFO     | unificador |    Preview: Evite problemas: N칚o edite o c칩digo de barras ou pague o mesmo boleto duas vezes. Caso o boleto j치 tenha vencido, solicite um novo boleto. 529 52990.00108 90001.427211 24000.000109 3 12960000058437 Be...
15:34:22 | DEBUG    | unificador | [VALOR_BOLETO] Via r칩tulo (alternativo): 584.37
15:34:22 | DEBUG    | unificador | [UC_NOME] Encontrada no nome (antes do _): 1019390350
15:34:22 | INFO     | unificador |    Texto extra칤do: 2707 caracteres
15:34:22 | INFO     | unificador |    Preview: Evite problemas: N칚o edite o c칩digo de barras ou pague o mesmo boleto duas vezes. Caso o boleto j치 tenha vencido, solicite um novo boleto. 529 52990.00108 90001.415851 84000.000103 1 12960000024452 Be...
15:34:22 | DEBUG    | unificador | [VALOR_BOLETO] Via r칩tulo (alternativo): 244.52
15:34:22 | DEBUG    | unificador | [UC_NOME] Encontrada no nome (antes do _): 102028389
15:34:23 | INFO     | unificador |    Texto extra칤do: 2707 caracteres
15:34:23 | INFO     | unificador |    Preview: Evite problemas: N칚o edite o c칩digo de barras ou pague o mesmo boleto duas vezes. Caso o boleto j치 tenha vencido, solicite um novo boleto. 529 52990.00108 90001.415851 76000.000109 5 12960000067052 Be...
15:34:23 | DEBUG    | unificador | [VALOR_BOLETO] Via r칩tulo (alternativo): 670.52
15:34:23 | DEBUG    | unificador | [UC_NOME] Encontrada no nome (antes do _): 102187771
15:34:23 | INFO     | unificador |    Texto extra칤do: 2701 caracteres
15:34:23 | INFO     | unificador |    Preview: Evite problemas: N칚o edite o c칩digo de barras ou pague o mesmo boleto duas vezes. Caso o boleto j치 tenha vencido, solicite um novo boleto. 529 52990.00108 90001.415851 91000.000108 7 12960000006200 Be...
15:34:23 | DEBUG    | unificador | [VALOR_BOLETO] Via r칩tulo (alternativo): 62.0
15:34:23 | DEBUG    | unificador | [UC_NOME] Encontrada no nome (antes do _): 1022472567
15:34:24 | INFO     | unificador |    Texto extra칤do: 2709 caracteres
15:34:24 | INFO     | unificador |    Preview: Evite problemas: N칚o edite o c칩digo de barras ou pague o mesmo boleto duas vezes. Caso o boleto j치 tenha vencido, solicite um novo boleto. 529 52990.00108 90001.427211 45000.000104 1 12960000042802 Be...
15:34:24 | DEBUG    | unificador | [VALOR_BOLETO] Via r칩tulo (alternativo): 428.02
15:34:24 | DEBUG    | unificador | [UC_NOME] Encontrada no nome (antes do _): 102266674
15:34:24 | INFO     | unificador |    Texto extra칤do: 2701 caracteres
15:34:24 | INFO     | unificador |    Preview: Evite problemas: N칚o edite o c칩digo de barras ou pague o mesmo boleto duas vezes. Caso o boleto j치 tenha vencido, solicite um novo boleto. 529 52990.00108 90001.415851 93000.000104 4 12960000004885 Be...
15:34:24 | DEBUG    | unificador | [VALOR_BOLETO] Via r칩tulo (alternativo): 48.85
15:34:24 | DEBUG    | unificador | [UC_NOME] Encontrada no nome (antes do _): 102374411
15:34:25 | INFO     | unificador |    Texto extra칤do: 2695 caracteres
15:34:25 | INFO     | unificador |    Preview: Evite problemas: N칚o edite o c칩digo de barras ou pague o mesmo boleto duas vezes. Caso o boleto j치 tenha vencido, solicite um novo boleto. 529 52990.00108 90001.415851 89000.000102 3 12960000000862 Be...
15:34:25 | DEBUG    | unificador | [VALOR_BOLETO] Via r칩tulo (alternativo): 8.62
15:34:25 | DEBUG    | unificador | [UC_NOME] Encontrada no nome (antes do _): 102393122
15:34:25 | INFO     | unificador |    Texto extra칤do: 2705 caracteres
15:34:25 | INFO     | unificador |    Preview: Evite problemas: N칚o edite o c칩digo de barras ou pague o mesmo boleto duas vezes. Caso o boleto j치 tenha vencido, solicite um novo boleto. 529 52990.00108 90001.415869 14000.000100 9 12960000027097 Be...
15:34:25 | DEBUG    | unificador | [VALOR_BOLETO] Via r칩tulo (alternativo): 270.97
15:34:25 | DEBUG    | unificador | [UC_NOME] Encontrada no nome (antes do _): 10245142
15:34:25 | INFO     | unificador |    Texto extra칤do: 2703 caracteres
15:34:25 | INFO     | unificador |    Preview: Evite problemas: N칚o edite o c칩digo de barras ou pague o mesmo boleto duas vezes. Caso o boleto j치 tenha vencido, solicite um novo boleto. 529 52990.00108 90001.415869 28000.000100 7 12960000012428 Be...
15:34:25 | DEBUG    | unificador | [VALOR_BOLETO] Via r칩tulo (alternativo): 124.28
15:34:25 | DEBUG    | unificador | [UC_NOME] Encontrada no nome (antes do _): 102528172
15:34:26 | INFO     | unificador |    Texto extra칤do: 2703 caracteres
15:34:26 | INFO     | unificador |    Preview: Evite problemas: N칚o edite o c칩digo de barras ou pague o mesmo boleto duas vezes. Caso o boleto j치 tenha vencido, solicite um novo boleto. 529 52990.00108 90001.415869 30000.000106 2 12960000029945 Be...
15:34:26 | DEBUG    | unificador | [VALOR_BOLETO] Via r칩tulo (alternativo): 299.45
15:34:26 | DEBUG    | unificador | [UC_NOME] Encontrada no nome (antes do _): 102578649
15:34:26 | INFO     | unificador |    Texto extra칤do: 2699 caracteres
15:34:26 | INFO     | unificador |    Preview: Evite problemas: N칚o edite o c칩digo de barras ou pague o mesmo boleto duas vezes. Caso o boleto j치 tenha vencido, solicite um novo boleto. 529 52990.00108 90001.415851 96000.000107 1 12960000001820 Be...
15:34:26 | DEBUG    | unificador | [VALOR_BOLETO] Via r칩tulo (alternativo): 18.2
15:34:26 | DEBUG    | unificador | [UC_NOME] Encontrada no nome (antes do _): 1025991019
15:34:26 | INFO     | unificador |    Texto extra칤do: 2709 caracteres
15:34:26 | INFO     | unificador |    Preview: Evite problemas: N칚o edite o c칩digo de barras ou pague o mesmo boleto duas vezes. Caso o boleto j치 tenha vencido, solicite um novo boleto. 529 52990.00108 90001.415851 78000.000105 2 12960000087084 Be...
15:34:26 | DEBUG    | unificador | [VALOR_BOLETO] Via r칩tulo (alternativo): 870.84
15:34:26 | DEBUG    | unificador | [UC_NOME] Encontrada no nome (antes do _): 1026057315
15:34:27 | INFO     | unificador |    Texto extra칤do: 2715 caracteres
15:34:27 | INFO     | unificador |    Preview: Evite problemas: N칚o edite o c칩digo de barras ou pague o mesmo boleto duas vezes. Caso o boleto j치 tenha vencido, solicite um novo boleto. 529 52990.00108 90001.427211 23000.000101 1 12960000130725 Be...
15:34:27 | DEBUG    | unificador | [VALOR_BOLETO] Via r칩tulo (alternativo): 1307.25
15:34:27 | DEBUG    | unificador | [UC_NOME] Encontrada no nome (antes do _): 102607612
15:34:27 | INFO     | unificador |    Texto extra칤do: 2703 caracteres
15:34:27 | INFO     | unificador |    Preview: Evite problemas: N칚o edite o c칩digo de barras ou pague o mesmo boleto duas vezes. Caso o boleto j치 tenha vencido, solicite um novo boleto. 529 52990.00108 90001.415869 04000.000101 8 12960000016514 Be...
15:34:27 | DEBUG    | unificador | [VALOR_BOLETO] Via r칩tulo (alternativo): 165.14
15:34:27 | DEBUG    | unificador | [UC_NOME] Encontrada no nome (antes do _): 102762839
15:34:27 | INFO     | unificador |    Texto extra칤do: 2707 caracteres
15:34:27 | INFO     | unificador |    Preview: Evite problemas: N칚o edite o c칩digo de barras ou pague o mesmo boleto duas vezes. Caso o boleto j치 tenha vencido, solicite um novo boleto. 529 52990.00108 90001.427211 29000.000108 6 12960000046094 Be...
15:34:27 | DEBUG    | unificador | [VALOR_BOLETO] Via r칩tulo (alternativo): 460.94
15:34:27 | DEBUG    | unificador | [UC_NOME] Encontrada no nome (antes do _): 1027944321
15:34:28 | INFO     | unificador |    Texto extra칤do: 2707 caracteres
15:34:28 | INFO     | unificador |    Preview: Evite problemas: N칚o edite o c칩digo de barras ou pague o mesmo boleto duas vezes. Caso o boleto j치 tenha vencido, solicite um novo boleto. 529 52990.00108 90001.427211 25000.000106 3 12960000012082 Be...
15:34:28 | DEBUG    | unificador | [VALOR_BOLETO] Via r칩tulo (alternativo): 120.82
15:34:28 | DEBUG    | unificador | [UC_NOME] Encontrada no nome (antes do _): 102806388
15:34:28 | INFO     | unificador |    Texto extra칤do: 2705 caracteres
15:34:28 | INFO     | unificador |    Preview: Evite problemas: N칚o edite o c칩digo de barras ou pague o mesmo boleto duas vezes. Caso o boleto j치 tenha vencido, solicite um novo boleto. 529 52990.00108 90001.415869 25000.000106 1 12960000014096 Be...
15:34:28 | DEBUG    | unificador | [VALOR_BOLETO] Via r칩tulo (alternativo): 140.96
15:34:28 | DEBUG    | unificador | [UC_NOME] Encontrada no nome (antes do _): 102831832
15:34:28 | INFO     | unificador |    Texto extra칤do: 2703 caracteres
15:34:28 | INFO     | unificador |    Preview: Evite problemas: N칚o edite o c칩digo de barras ou pague o mesmo boleto duas vezes. Caso o boleto j치 tenha vencido, solicite um novo boleto. 529 52990.00108 90001.415869 27000.000102 5 12960000008508 Be...
15:34:28 | DEBUG    | unificador | [VALOR_BOLETO] Via r칩tulo (alternativo): 85.08
15:34:28 | DEBUG    | unificador | [UC_NOME] Encontrada no nome (antes do _): 10299644
15:34:29 | INFO     | unificador |    Texto extra칤do: 2705 caracteres
15:34:29 | INFO     | unificador |    Preview: Evite problemas: N칚o edite o c칩digo de barras ou pague o mesmo boleto duas vezes. Caso o boleto j치 tenha vencido, solicite um novo boleto. 529 52990.00108 90001.415851 77000.000107 3 12960000052888 Be...
15:34:29 | DEBUG    | unificador | [VALOR_BOLETO] Via r칩tulo (alternativo): 528.88
15:34:29 | DEBUG    | unificador | [UC_NOME] Encontrada no nome (antes do _): 1030307847
15:34:29 | INFO     | unificador |    Texto extra칤do: 2709 caracteres
15:34:29 | INFO     | unificador |    Preview: Evite problemas: N칚o edite o c칩digo de barras ou pague o mesmo boleto duas vezes. Caso o boleto j치 tenha vencido, solicite um novo boleto. 529 52990.00108 90001.415851 79000.000103 3 12960000038418 Be...
15:34:29 | DEBUG    | unificador | [VALOR_BOLETO] Via r칩tulo (alternativo): 384.18
15:34:29 | DEBUG    | unificador | [UC_NOME] Encontrada no nome (antes do _): 1030405658
15:34:29 | INFO     | unificador |    Texto extra칤do: 2707 caracteres
15:34:29 | INFO     | unificador |    Preview: Evite problemas: N칚o edite o c칩digo de barras ou pague o mesmo boleto duas vezes. Caso o boleto j치 tenha vencido, solicite um novo boleto. 529 52990.00108 90001.427211 41000.000103 5 12960000010065 Be...
15:34:29 | DEBUG    | unificador | [VALOR_BOLETO] Via r칩tulo (alternativo): 100.65
15:34:29 | DEBUG    | unificador | [UC_NOME] Encontrada no nome (antes do _): 1030928683
15:34:30 | INFO     | unificador |    Texto extra칤do: 2707 caracteres
15:34:30 | INFO     | unificador |    Preview: Evite problemas: N칚o edite o c칩digo de barras ou pague o mesmo boleto duas vezes. Caso o boleto j치 tenha vencido, solicite um novo boleto. 529 52990.00108 90001.415851 82000.000107 7 12960000025869 Be...
15:34:30 | DEBUG    | unificador | [VALOR_BOLETO] Via r칩tulo (alternativo): 258.69
15:34:30 | DEBUG    | unificador | [UC_NOME] Encontrada no nome (antes do _): 1031237068
15:34:30 | INFO     | unificador |    Texto extra칤do: 2705 caracteres
15:34:30 | INFO     | unificador |    Preview: Evite problemas: N칚o edite o c칩digo de barras ou pague o mesmo boleto duas vezes. Caso o boleto j치 tenha vencido, solicite um novo boleto. 529 52990.00108 90001.427211 36000.000103 6 12960000010019 Be...
15:34:30 | DEBUG    | unificador | [VALOR_BOLETO] Via r칩tulo (alternativo): 100.19
15:34:30 | DEBUG    | unificador | [UC_NOME] Encontrada no nome (antes do _): 1031393267
15:34:30 | INFO     | unificador |    Texto extra칤do: 2709 caracteres
15:34:30 | INFO     | unificador |    Preview: Evite problemas: N칚o edite o c칩digo de barras ou pague o mesmo boleto duas vezes. Caso o boleto j치 tenha vencido, solicite um novo boleto. 529 52990.00108 90001.415869 02000.000105 9 12960000039900 Be...
15:34:30 | DEBUG    | unificador | [VALOR_BOLETO] Via r칩tulo (alternativo): 399.0
15:34:30 | DEBUG    | unificador | [UC_NOME] Encontrada no nome (antes do _): 103413085
15:34:31 | INFO     | unificador |    Texto extra칤do: 2705 caracteres
15:34:31 | INFO     | unificador |    Preview: Evite problemas: N칚o edite o c칩digo de barras ou pague o mesmo boleto duas vezes. Caso o boleto j치 tenha vencido, solicite um novo boleto. 529 52990.00108 90001.415869 20000.000107 1 12960000018973 Be...
15:34:31 | DEBUG    | unificador | [VALOR_BOLETO] Via r칩tulo (alternativo): 189.73
15:34:31 | DEBUG    | unificador | [UC_NOME] Encontrada no nome (antes do _): 1035560721
15:34:31 | INFO     | unificador |    Texto extra칤do: 2713 caracteres
15:34:31 | INFO     | unificador |    Preview: Evite problemas: N칚o edite o c칩digo de barras ou pague o mesmo boleto duas vezes. Caso o boleto j치 tenha vencido, solicite um novo boleto. 529 52990.00108 90001.427211 39000.000107 1 12960000012637 Be...
15:34:31 | DEBUG    | unificador | [VALOR_BOLETO] Via r칩tulo (alternativo): 126.37
15:34:31 | DEBUG    | unificador | [UC_NOME] Encontrada no nome (antes do _): 103644408
15:34:31 | INFO     | unificador |    Texto extra칤do: 2713 caracteres
15:34:31 | INFO     | unificador |    Preview: Evite problemas: N칚o edite o c칩digo de barras ou pague o mesmo boleto duas vezes. Caso o boleto j치 tenha vencido, solicite um novo boleto. 529 52990.00108 90001.415851 74000.000104 6 12960000245645 Be...
15:34:31 | DEBUG    | unificador | [VALOR_BOLETO] Via r칩tulo (alternativo): 2456.45
15:34:31 | DEBUG    | unificador | [UC_NOME] Encontrada no nome (antes do _): 103848231
15:34:32 | INFO     | unificador |    Texto extra칤do: 2705 caracteres
15:34:32 | INFO     | unificador |    Preview: Evite problemas: N칚o edite o c칩digo de barras ou pague o mesmo boleto duas vezes. Caso o boleto j치 tenha vencido, solicite um novo boleto. 529 52990.00108 90001.415851 92000.000106 1 12960000011495 Be...
15:34:32 | DEBUG    | unificador | [VALOR_BOLETO] Via r칩tulo (alternativo): 114.95
15:34:32 | DEBUG    | unificador | [UC_NOME] Encontrada no nome (antes do _): 103954716
15:34:32 | INFO     | unificador |    Texto extra칤do: 2703 caracteres
15:34:32 | INFO     | unificador |    Preview: Evite problemas: N칚o edite o c칩digo de barras ou pague o mesmo boleto duas vezes. Caso o boleto j치 tenha vencido, solicite um novo boleto. 529 52990.00108 90001.427211 40000.000105 1 12960000010169 Be...
15:34:32 | DEBUG    | unificador | [VALOR_BOLETO] Via r칩tulo (alternativo): 101.69
15:34:32 | DEBUG    | unificador | [UC_NOME] Encontrada no nome (antes do _): 103993383
15:34:32 | INFO     | unificador |    Texto extra칤do: 2707 caracteres
15:34:32 | INFO     | unificador |    Preview: Evite problemas: N칚o edite o c칩digo de barras ou pague o mesmo boleto duas vezes. Caso o boleto j치 tenha vencido, solicite um novo boleto. 529 52990.00108 90001.415869 13000.000102 3 12960000040469 Be...
15:34:32 | DEBUG    | unificador | [VALOR_BOLETO] Via r칩tulo (alternativo): 404.69
15:34:33 | DEBUG    | unificador | [UC_NOME] Encontrada no nome (antes do _): 10415489
15:34:33 | INFO     | unificador |    Texto extra칤do: 2703 caracteres
15:34:33 | INFO     | unificador |    Preview: Evite problemas: N칚o edite o c칩digo de barras ou pague o mesmo boleto duas vezes. Caso o boleto j치 tenha vencido, solicite um novo boleto. 529 52990.00108 90001.427211 47000.000100 5 12960000011386 Be...
15:34:33 | DEBUG    | unificador | [VALOR_BOLETO] Via r칩tulo (alternativo): 113.86
15:34:33 | DEBUG    | unificador | [UC_NOME] Encontrada no nome (antes do _): 104359642
15:34:33 | INFO     | unificador |    Texto extra칤do: 2705 caracteres
15:34:33 | INFO     | unificador |    Preview: Evite problemas: N칚o edite o c칩digo de barras ou pague o mesmo boleto duas vezes. Caso o boleto j치 tenha vencido, solicite um novo boleto. 529 52990.00108 90001.415869 15000.000107 8 12960000036954 Be...
15:34:33 | DEBUG    | unificador | [VALOR_BOLETO] Via r칩tulo (alternativo): 369.54
15:34:33 | DEBUG    | unificador | [UC_NOME] Encontrada no nome (antes do _): 104528840
15:34:34 | INFO     | unificador |    Texto extra칤do: 2705 caracteres
15:34:34 | INFO     | unificador |    Preview: Evite problemas: N칚o edite o c칩digo de barras ou pague o mesmo boleto duas vezes. Caso o boleto j치 tenha vencido, solicite um novo boleto. 529 52990.00108 90001.427211 27000.000102 8 12960000012709 Be...
15:34:34 | DEBUG    | unificador | [VALOR_BOLETO] Via r칩tulo (alternativo): 127.09
15:34:34 | DEBUG    | unificador | [UC_NOME] Encontrada no nome (antes do _): 104665600
15:34:34 | INFO     | unificador |    Texto extra칤do: 2705 caracteres
15:34:34 | INFO     | unificador |    Preview: Evite problemas: N칚o edite o c칩digo de barras ou pague o mesmo boleto duas vezes. Caso o boleto j치 tenha vencido, solicite um novo boleto. 529 52990.00108 90001.415869 24000.000109 8 12960000017338 Be...
15:34:34 | DEBUG    | unificador | [VALOR_BOLETO] Via r칩tulo (alternativo): 173.38
15:34:34 | DEBUG    | unificador | [UC_NOME] Encontrada no nome (antes do _): 104805297
15:34:35 | INFO     | unificador |    Texto extra칤do: 2705 caracteres
15:34:35 | INFO     | unificador |    Preview: Evite problemas: N칚o edite o c칩digo de barras ou pague o mesmo boleto duas vezes. Caso o boleto j치 tenha vencido, solicite um novo boleto. 529 52990.00108 90001.415869 12000.000104 6 12960000026363 Be...
15:34:35 | DEBUG    | unificador | [VALOR_BOLETO] Via r칩tulo (alternativo): 263.63
15:34:35 | DEBUG    | unificador | [UC_NOME] Encontrada no nome (antes do _): 104890760
15:34:35 | INFO     | unificador |    Texto extra칤do: 2705 caracteres
15:34:35 | INFO     | unificador |    Preview: Evite problemas: N칚o edite o c칩digo de barras ou pague o mesmo boleto duas vezes. Caso o boleto j치 tenha vencido, solicite um novo boleto. 529 52990.00108 90001.415869 05000.000108 8 12960000033532 Be...
15:34:35 | DEBUG    | unificador | [VALOR_BOLETO] Via r칩tulo (alternativo): 335.32
15:34:35 | DEBUG    | unificador | [UC_NOME] Encontrada no nome (antes do _): 105015862
15:34:35 | INFO     | unificador |    Texto extra칤do: 2701 caracteres
15:34:35 | INFO     | unificador |    Preview: Evite problemas: N칚o edite o c칩digo de barras ou pague o mesmo boleto duas vezes. Caso o boleto j치 tenha vencido, solicite um novo boleto. 529 52990.00108 90001.415851 90000.000100 3 12960000004789 Be...
15:34:35 | DEBUG    | unificador | [VALOR_BOLETO] Via r칩tulo (alternativo): 47.89
15:34:35 | DEBUG    | unificador | [UC_NOME] Encontrada no nome (antes do _): 105048442
15:34:36 | INFO     | unificador |    Texto extra칤do: 2707 caracteres
15:34:36 | INFO     | unificador |    Preview: Evite problemas: N칚o edite o c칩digo de barras ou pague o mesmo boleto duas vezes. Caso o boleto j치 tenha vencido, solicite um novo boleto. 529 52990.00108 90001.415869 10000.000108 8 12960000047352 Be...
15:34:36 | DEBUG    | unificador | [VALOR_BOLETO] Via r칩tulo (alternativo): 473.52
15:34:36 | DEBUG    | unificador | [UC_NOME] Encontrada no nome (antes do _): 105058540
15:34:36 | INFO     | unificador |    Texto extra칤do: 2697 caracteres
15:34:36 | INFO     | unificador |    Preview: Evite problemas: N칚o edite o c칩digo de barras ou pague o mesmo boleto duas vezes. Caso o boleto j치 tenha vencido, solicite um novo boleto. 529 52990.00108 90001.415869 32000.000102 6 12960000001168 Be...
15:34:36 | DEBUG    | unificador | [VALOR_BOLETO] Via r칩tulo (alternativo): 11.68
15:34:36 | DEBUG    | unificador | [UC_NOME] Encontrada no nome (antes do _): 105103304
15:34:37 | INFO     | unificador |    Texto extra칤do: 2707 caracteres
15:34:37 | INFO     | unificador |    Preview: Evite problemas: N칚o edite o c칩digo de barras ou pague o mesmo boleto duas vezes. Caso o boleto j치 tenha vencido, solicite um novo boleto. 529 52990.00108 90001.415851 81000.000109 1 12960000037929 Be...
15:34:37 | DEBUG    | unificador | [VALOR_BOLETO] Via r칩tulo (alternativo): 379.29
15:34:37 | DEBUG    | unificador | [UC_NOME] Encontrada no nome (antes do _): 105117536
15:34:37 | INFO     | unificador |    Texto extra칤do: 2705 caracteres
15:34:37 | INFO     | unificador |    Preview: Evite problemas: N칚o edite o c칩digo de barras ou pague o mesmo boleto duas vezes. Caso o boleto j치 tenha vencido, solicite um novo boleto. 529 52990.00108 90001.415851 99000.000101 6 12960000032479 Be...
15:34:37 | DEBUG    | unificador | [VALOR_BOLETO] Via r칩tulo (alternativo): 324.79
15:34:37 | DEBUG    | unificador | [UC_NOME] Encontrada no nome (antes do _): 105134135
15:34:38 | INFO     | unificador |    Texto extra칤do: 2705 caracteres
15:34:38 | INFO     | unificador |    Preview: Evite problemas: N칚o edite o c칩digo de barras ou pague o mesmo boleto duas vezes. Caso o boleto j치 tenha vencido, solicite um novo boleto. 529 52990.00108 90001.415869 01000.000107 4 12960000031519 Be...
15:34:38 | DEBUG    | unificador | [VALOR_BOLETO] Via r칩tulo (alternativo): 315.19
15:34:38 | DEBUG    | unificador | [UC_NOME] Encontrada no nome (antes do _): 1052027
15:34:38 | INFO     | unificador |    Texto extra칤do: 2709 caracteres
15:34:38 | INFO     | unificador |    Preview: Evite problemas: N칚o edite o c칩digo de barras ou pague o mesmo boleto duas vezes. Caso o boleto j치 tenha vencido, solicite um novo boleto. 529 52990.00108 90001.415851 75000.000101 6 12960000199744 Be...
15:34:38 | DEBUG    | unificador | [VALOR_BOLETO] Via r칩tulo (alternativo): 1997.44
15:34:38 | DEBUG    | unificador | [UC_NOME] Encontrada no nome (antes do _): 10529875
15:34:38 | INFO     | unificador |    Texto extra칤do: 2703 caracteres
15:34:38 | INFO     | unificador |    Preview: Evite problemas: N칚o edite o c칩digo de barras ou pague o mesmo boleto duas vezes. Caso o boleto j치 tenha vencido, solicite um novo boleto. 529 52990.00108 90001.415869 23000.000101 1 12960000011676 Be...
15:34:38 | DEBUG    | unificador | [VALOR_BOLETO] Via r칩tulo (alternativo): 116.76
15:34:38 | DEBUG    | unificador | [UC_NOME] Encontrada no nome (antes do _): 105301957
15:34:39 | INFO     | unificador |    Texto extra칤do: 2701 caracteres
15:34:39 | INFO     | unificador |    Preview: Evite problemas: N칚o edite o c칩digo de barras ou pague o mesmo boleto duas vezes. Caso o boleto j치 tenha vencido, solicite um novo boleto. 529 52990.00108 90001.415869 33000.000100 1 12960000006256 Be...
15:34:39 | DEBUG    | unificador | [VALOR_BOLETO] Via r칩tulo (alternativo): 62.56
15:34:39 | DEBUG    | unificador | [UC_NOME] Encontrada no nome (antes do _): 105320817
15:34:39 | INFO     | unificador |    Texto extra칤do: 2705 caracteres
15:34:39 | INFO     | unificador |    Preview: Evite problemas: N칚o edite o c칩digo de barras ou pague o mesmo boleto duas vezes. Caso o boleto j치 tenha vencido, solicite um novo boleto. 529 52990.00108 90001.415851 85000.000100 3 12960000017526 Be...
15:34:39 | DEBUG    | unificador | [VALOR_BOLETO] Via r칩tulo (alternativo): 175.26
15:34:39 | DEBUG    | unificador | [UC_NOME] Encontrada no nome (antes do _): 105327234
15:34:39 | INFO     | unificador |    Texto extra칤do: 2705 caracteres
15:34:39 | INFO     | unificador |    Preview: Evite problemas: N칚o edite o c칩digo de barras ou pague o mesmo boleto duas vezes. Caso o boleto j치 tenha vencido, solicite um novo boleto. 529 52990.00108 90001.427211 28000.000100 1 12960000028742 Be...
15:34:39 | DEBUG    | unificador | [VALOR_BOLETO] Via r칩tulo (alternativo): 287.42
15:34:39 | DEBUG    | unificador | [UC_NOME] Encontrada no nome (antes do _): 10613448
15:34:40 | INFO     | unificador |    Texto extra칤do: 2705 caracteres
15:34:40 | INFO     | unificador |    Preview: Evite problemas: N칚o edite o c칩digo de barras ou pague o mesmo boleto duas vezes. Caso o boleto j치 tenha vencido, solicite um novo boleto. 529 52990.00108 90001.427211 37000.000101 7 12960000030396 Be...
15:34:40 | DEBUG    | unificador | [VALOR_BOLETO] Via r칩tulo (alternativo): 303.96
15:34:40 | DEBUG    | unificador | [UC_NOME] Encontrada no nome (antes do _): 10639203
15:34:40 | INFO     | unificador |    Texto extra칤do: 2703 caracteres
15:34:40 | INFO     | unificador |    Preview: Evite problemas: N칚o edite o c칩digo de barras ou pague o mesmo boleto duas vezes. Caso o boleto j치 tenha vencido, solicite um novo boleto. 529 52990.00108 90001.415869 07000.000104 9 12960000036544 Be...
15:34:40 | DEBUG    | unificador | [VALOR_BOLETO] Via r칩tulo (alternativo): 365.44
15:34:40 | DEBUG    | unificador | [UC_NOME] Encontrada no nome (antes do _): 10693192
15:34:40 | INFO     | unificador |    Texto extra칤do: 2703 caracteres
15:34:40 | INFO     | unificador |    Preview: Evite problemas: N칚o edite o c칩digo de barras ou pague o mesmo boleto duas vezes. Caso o boleto j치 tenha vencido, solicite um novo boleto. 529 52990.00108 90001.415869 19000.000109 1 12960000016426 Be...
15:34:40 | DEBUG    | unificador | [VALOR_BOLETO] Via r칩tulo (alternativo): 164.26
15:34:40 | DEBUG    | unificador | [UC_NOME] Encontrada no nome (antes do _): 10726059
15:34:41 | INFO     | unificador |    Texto extra칤do: 2703 caracteres
15:34:41 | INFO     | unificador |    Preview: Evite problemas: N칚o edite o c칩digo de barras ou pague o mesmo boleto duas vezes. Caso o boleto j치 tenha vencido, solicite um novo boleto. 529 52990.00108 90001.415869 31000.000104 5 12960000012511 Be...
15:34:41 | DEBUG    | unificador | [VALOR_BOLETO] Via r칩tulo (alternativo): 125.11
15:34:41 | DEBUG    | unificador | [UC_NOME] Encontrada no nome (antes do _): 10769273
15:34:41 | INFO     | unificador |    Texto extra칤do: 2703 caracteres
15:34:41 | INFO     | unificador |    Preview: Evite problemas: N칚o edite o c칩digo de barras ou pague o mesmo boleto duas vezes. Caso o boleto j치 tenha vencido, solicite um novo boleto. 529 52990.00108 90001.415869 16000.000105 1 12960000032458 Be...
15:34:41 | DEBUG    | unificador | [VALOR_BOLETO] Via r칩tulo (alternativo): 324.58
15:34:41 | DEBUG    | unificador | [UC_NOME] Encontrada no nome (antes do _): 10783381
15:34:41 | INFO     | unificador |    Texto extra칤do: 2703 caracteres
15:34:41 | INFO     | unificador |    Preview: Evite problemas: N칚o edite o c칩digo de barras ou pague o mesmo boleto duas vezes. Caso o boleto j치 tenha vencido, solicite um novo boleto. 529 52990.00108 90001.415869 17000.000103 1 12960000028460 Be...
15:34:41 | DEBUG    | unificador | [VALOR_BOLETO] Via r칩tulo (alternativo): 284.6
15:34:41 | DEBUG    | unificador | [UC_NOME] Encontrada no nome (antes do _): 10812222
15:34:42 | INFO     | unificador |    Texto extra칤do: 2703 caracteres
15:34:42 | INFO     | unificador |    Preview: Evite problemas: N칚o edite o c칩digo de barras ou pague o mesmo boleto duas vezes. Caso o boleto j치 tenha vencido, solicite um novo boleto. 529 52990.00108 90001.427211 38000.000109 1 12960000020414 Be...
15:34:42 | DEBUG    | unificador | [VALOR_BOLETO] Via r칩tulo (alternativo): 204.14
15:34:42 | DEBUG    | unificador | [UC_NOME] Encontrada no nome (antes do _): 1087775
15:34:42 | INFO     | unificador |    Texto extra칤do: 2703 caracteres
15:34:42 | INFO     | unificador |    Preview: Evite problemas: N칚o edite o c칩digo de barras ou pague o mesmo boleto duas vezes. Caso o boleto j치 tenha vencido, solicite um novo boleto. 529 52990.00108 90001.427211 46000.000102 2 12960000036938 Be...
15:34:42 | DEBUG    | unificador | [VALOR_BOLETO] Via r칩tulo (alternativo): 369.38
15:34:42 | DEBUG    | unificador | [UC_NOME] Encontrada no nome (antes do _): 109088667
15:34:42 | INFO     | unificador |    Texto extra칤do: 2701 caracteres
15:34:42 | INFO     | unificador |    Preview: Evite problemas: N칚o edite o c칩digo de barras ou pague o mesmo boleto duas vezes. Caso o boleto j치 tenha vencido, solicite um novo boleto. 529 52990.00108 90001.415869 26000.000104 6 12960000006589 Be...
15:34:42 | DEBUG    | unificador | [VALOR_BOLETO] Via r칩tulo (alternativo): 65.89
15:34:42 | DEBUG    | unificador | [UC_NOME] Encontrada no nome (antes do _): 109313271
15:34:43 | INFO     | unificador |    Texto extra칤do: 2705 caracteres
15:34:43 | INFO     | unificador |    Preview: Evite problemas: N칚o edite o c칩digo de barras ou pague o mesmo boleto duas vezes. Caso o boleto j치 tenha vencido, solicite um novo boleto. 529 52990.00108 90001.415851 88000.000104 8 12960000018587 Be...
15:34:43 | DEBUG    | unificador | [VALOR_BOLETO] Via r칩tulo (alternativo): 185.87
15:34:43 | DEBUG    | unificador | [UC_NOME] Encontrada no nome (antes do _): 109525791
15:34:43 | INFO     | unificador |    Texto extra칤do: 2705 caracteres
15:34:43 | INFO     | unificador |    Preview: Evite problemas: N칚o edite o c칩digo de barras ou pague o mesmo boleto duas vezes. Caso o boleto j치 tenha vencido, solicite um novo boleto. 529 52990.00108 90001.415869 29000.000108 4 12960000014347 Be...
15:34:43 | DEBUG    | unificador | [VALOR_BOLETO] Via r칩tulo (alternativo): 143.47
15:34:43 | DEBUG    | unificador | [UC_NOME] Encontrada no nome (antes do _): 109871781
15:34:43 | INFO     | unificador |    Texto extra칤do: 2705 caracteres
15:34:43 | INFO     | unificador |    Preview: Evite problemas: N칚o edite o c칩digo de barras ou pague o mesmo boleto duas vezes. Caso o boleto j치 tenha vencido, solicite um novo boleto. 529 52990.00108 90001.415851 98000.000103 4 12960000010538 Be...
15:34:43 | DEBUG    | unificador | [VALOR_BOLETO] Via r칩tulo (alternativo): 105.38
15:34:43 | INFO     | unificador | Log salvo em: C:\Projetos\Projeto EGS\EGS_Suite\logs\unificador_20251205.log
